This is pdfTeX, Version 3.141592653-2.6-1.40.23 (TeX Live 2022/dev) (preloaded format=pdflatex 2021.10.23)  29 MAY 2022 17:54
entering extended mode
 restricted \write18 enabled.
 %&-line parsing enabled.
**/Users/angela/rowley/dsrna-survey/chr_toxins/output/FGSC/KHR_msa_aa.tex
(/Users/angela/rowley/dsrna-survey/chr_toxins/output/FGSC/KHR_msa_aa.tex
LaTeX2e <2021-06-01> patch level 1
L3 programming layer <2021-10-18>
(/Users/angela/Library/TinyTeX/texmf-dist/tex/latex/base/article.cls
Document Class: article 2021/02/12 v1.4n Standard LaTeX document class
(/Users/angela/Library/TinyTeX/texmf-dist/tex/latex/base/size10.clo
File: size10.clo 2021/02/12 v1.4n Standard LaTeX file (size option)
)
\c@part=\count182
\c@section=\count183
\c@subsection=\count184
\c@subsubsection=\count185
\c@paragraph=\count186
\c@subparagraph=\count187
\c@figure=\count188
\c@table=\count189
\abovecaptionskip=\skip47
\belowcaptionskip=\skip48
\bibindent=\dimen138
)
(/Library/Frameworks/R.framework/Versions/4.1/Resources/library/msa/tex/texshad
e.sty
Package: texshade 2021/04/01 LaTeX TeXshade (v1.26)
 Package `texshade', Version 1.26 of 2021/04/01.
(/Users/angela/Library/TinyTeX/texmf-dist/tex/latex/graphics/color.sty
Package: color 2020/02/24 v1.2b Standard LaTeX Color (DPC)

(/Users/angela/Library/TinyTeX/texmf-dist/tex/latex/graphics-cfg/color.cfg
File: color.cfg 2016/01/02 v1.6 sample color configuration
)
Package color Info: Driver file: dvips.def on input line 149.

(/Users/angela/Library/TinyTeX/texmf-dist/tex/latex/graphics-def/dvips.def
File: dvips.def 2017/06/20 v3.1d Graphics/color driver for dvips
)
(/Users/angela/Library/TinyTeX/texmf-dist/tex/latex/graphics/dvipsnam.def
File: dvipsnam.def 2016/06/17 v3.0m Driver-dependent file (DPC,SPQR)
))
(/Users/angela/Library/TinyTeX/texmf-dist/tex/latex/graphics/graphics.sty
Package: graphics 2021/03/04 v1.4d Standard LaTeX Graphics (DPC,SPQR)

(/Users/angela/Library/TinyTeX/texmf-dist/tex/latex/graphics/trig.sty
Package: trig 2016/01/03 v1.10 sin cos tan (DPC)
)
(/Users/angela/Library/TinyTeX/texmf-dist/tex/latex/graphics-cfg/graphics.cfg
File: graphics.cfg 2016/06/04 v1.11 sample graphics configuration
)
Package graphics Info: Driver file: pdftex.def on input line 107.

(/Users/angela/Library/TinyTeX/texmf-dist/tex/latex/graphics-def/pdftex.def
File: pdftex.def 2020/10/05 v1.2a Graphics/color driver for pdftex
))
\structurefile=\read2
\featurefile=\write3
\alignfile=\read3
\sublogofile=\read4
\exp@rtfile=\write4
\exp@rt@chimerafile=\write5

(/Users/angela/Library/TinyTeX/texmf-dist/tex/latex/amsfonts/amssymb.sty
Package: amssymb 2013/01/14 v3.01 AMS font symbols

(/Users/angela/Library/TinyTeX/texmf-dist/tex/latex/amsfonts/amsfonts.sty
Package: amsfonts 2013/01/14 v3.01 Basic AMSFonts support
\@emptytoks=\toks16
\symAMSa=\mathgroup4
\symAMSb=\mathgroup5
LaTeX Font Info:    Redeclaring math symbol \hbar on input line 98.
LaTeX Font Info:    Overwriting math alphabet `\mathfrak' in version `bold'
(Font)                  U/euf/m/n --> U/euf/b/n on input line 106.
))
\symalphahelix=\mathgroup6
\loopcount=\count190
\innerloopcount=\count191
\outerloopcount=\count192
\seq@count=\count193
\killseq@count=\count194
\seq@percent=\count195
\res@count=\count196
\seq@pointer=\count197
\pos@count=\count198
\res@perline=\count199
\end@count=\count266
\cons@count=\count267
\total@count=\count268
\temp@count=\count269
\triple@count=\count270
\temp@@count=\count271
\pos@sum=\count272
\box@width=\skip49
\name@width=\skip50
\box@depth=\skip51
\width@tmp=\skip52
\box@height=\skip53
\number@width=\skip54
\line@stretch=\skip55
\center@fill=\skip56
\arrow@width=\skip57
\arrow@height=\skip58
\rule@thick=\skip59
\arrow@thick=\skip60
\logo@height=\skip61
\equal@width=\skip62
\equal@tmp=\skip63
\equal@height=\skip64
\temp@@length=\skip65
\vspace@legend=\skip66
\hspace@legend=\skip67
\bar@length=\skip68
Package color Info: Redefining color LightGray on input line 1716.
Package color Info: Redefining color LightLightGray on input line 1817.
Package color Info: Redefining color LightLightLightGray on input line 1919.
)
(/Users/angela/Library/TinyTeX/texmf-dist/tex/latex/l3backend/l3backend-pdftex.
def
File: l3backend-pdftex.def 2021-10-18 L3 backend support: PDF output (pdfTeX)
\l__color_backend_stack_int=\count273
\l__pdf_internal_box=\box50
) (./KHR_msa_aa.aux)
\openout1 = `KHR_msa_aa.aux'.

LaTeX Font Info:    Checking defaults for OML/cmm/m/it on input line 24.
LaTeX Font Info:    ... okay on input line 24.
LaTeX Font Info:    Checking defaults for OMS/cmsy/m/n on input line 24.
LaTeX Font Info:    ... okay on input line 24.
LaTeX Font Info:    Checking defaults for OT1/cmr/m/n on input line 24.
LaTeX Font Info:    ... okay on input line 24.
LaTeX Font Info:    Checking defaults for T1/cmr/m/n on input line 24.
LaTeX Font Info:    ... okay on input line 24.
LaTeX Font Info:    Checking defaults for TS1/cmr/m/n on input line 24.
LaTeX Font Info:    ... okay on input line 24.
LaTeX Font Info:    Checking defaults for OMX/cmex/m/n on input line 24.
LaTeX Font Info:    ... okay on input line 24.
LaTeX Font Info:    Checking defaults for U/cmr/m/n on input line 24.
LaTeX Font Info:    ... okay on input line 24.

(/Users/angela/Library/TinyTeX/texmf-dist/tex/latex/epstopdf-pkg/epstopdf-base.
sty
Package: epstopdf-base 2020-01-24 v2.11 Base part for package epstopdf
Package epstopdf-base Info: Redefining graphics rule for `.eps' on input line 4
85.

(/Users/angela/Library/TinyTeX/texmf-dist/tex/latex/latexconfig/epstopdf-sys.cf
g
File: epstopdf-sys.cfg 2010/07/13 v1.3 Configuration of (r)epstopdf for TeX Liv
e
))
(/var/folders/hl/qr3y8wlj6m31l1qyr9dsjffh0000gn/T//RtmpgwxXeK/seq37f37c17cc00.f
asta:
Runaway argument?
! Paragraph ended before \inf@@get was complete.
<to be read again> 
                   \par 
l.25 ...000gn/T//RtmpgwxXeK/seq37f37c17cc00.fasta}
                                                  
I suspect you've forgotten a `}', causing me to apply this
control sequence to too much text. How can we recover?
My plan is to forget the whole thing and hope for the best.

! Misplaced alignment tab character &.
\msfline ->\par &
                  & & & @
l.25 ...000gn/T//RtmpgwxXeK/seq37f37c17cc00.fasta}
                                                  
I can't figure out why you would want to use a tab mark
here. If you just want an ampersand, the remedy is
simple: Just type `I\&' now. But if some right brace
up above has ended a previous alignment prematurely,
you're probably due for more error messages, and you
might try typing `S' now just to see what is salvageable.

! Misplaced alignment tab character &.
\msfline ->\par & &
                    & & @
l.25 ...000gn/T//RtmpgwxXeK/seq37f37c17cc00.fasta}
                                                  
I can't figure out why you would want to use a tab mark
here. If you just want an ampersand, the remedy is
simple: Just type `I\&' now. But if some right brace
up above has ended a previous alignment prematurely,
you're probably due for more error messages, and you
might try typing `S' now just to see what is salvageable.

! Misplaced alignment tab character &.
\msfline ->\par & & &
                      & @
l.25 ...000gn/T//RtmpgwxXeK/seq37f37c17cc00.fasta}
                                                  
I can't figure out why you would want to use a tab mark
here. If you just want an ampersand, the remedy is
simple: Just type `I\&' now. But if some right brace
up above has ended a previous alignment prematurely,
you're probably due for more error messages, and you
might try typing `S' now just to see what is salvageable.

! Misplaced alignment tab character &.
\msfline ->\par & & & &
                        @
l.25 ...000gn/T//RtmpgwxXeK/seq37f37c17cc00.fasta}
                                                  
I can't figure out why you would want to use a tab mark
here. If you just want an ampersand, the remedy is
simple: Just type `I\&' now. But if some right brace
up above has ended a previous alignment prematurely,
you're probably due for more error messages, and you
might try typing `S' now just to see what is salvageable.

Runaway argument?
! Paragraph ended before \check@letter was complete.
<to be read again> 
                   \par 
l.25 ...000gn/T//RtmpgwxXeK/seq37f37c17cc00.fasta}
                                                  
I suspect you've forgotten a `}', causing me to apply this
control sequence to too much text. How can we recover?
My plan is to forget the whole thing and hope for the best.

Runaway argument?
! Paragraph ended before \seq@get was complete.
<to be read again> 
                   \par 
l.25 ...000gn/T//RtmpgwxXeK/seq37f37c17cc00.fasta}
                                                  
I suspect you've forgotten a `}', causing me to apply this
control sequence to too much text. How can we recover?
My plan is to forget the whole thing and hope for the best.

Runaway argument?
! Paragraph ended before \firstchar@get was complete.
<to be read again> 
                   \par 
l.48 \end{texshade}
                   
I suspect you've forgotten a `}', causing me to apply this
control sequence to too much text. How can we recover?
My plan is to forget the whole thing and hope for the best.

Runaway argument?
! Paragraph ended before \res@get was complete.
<to be read again> 
                   \par 
l.48 \end{texshade}
                   
I suspect you've forgotten a `}', causing me to apply this
control sequence to too much text. How can we recover?
My plan is to forget the whole thing and hope for the best.

! Misplaced alignment tab character &.
\seq@line ->\par &
                  @
l.48 \end{texshade}
                   
I can't figure out why you would want to use a tab mark
here. If you just want an ampersand, the remedy is
simple: Just type `I\&' now. But if some right brace
up above has ended a previous alignment prematurely,
you're probably due for more error messages, and you
might try typing `S' now just to see what is salvageable.

. . . )
LaTeX Font Info:    Trying to load font information for U+msa on input line 48.

 (/Users/angela/Library/TinyTeX/texmf-dist/tex/latex/amsfonts/umsa.fd
File: umsa.fd 2013/01/14 v3.01 AMS symbols A
)
LaTeX Font Info:    Trying to load font information for U+msb on input line 48.


(/Users/angela/Library/TinyTeX/texmf-dist/tex/latex/amsfonts/umsb.fd
File: umsb.fd 2013/01/14 v3.01 AMS symbols B
) [1
Non-PDF special ignored!
<special> papersize=794.96999pt,614.295pt

{/Users/angela/Library/TinyTeX/texmf-var/fonts/map/pdftex/updmap/pdftex.map}]
[2] (./KHR_msa_aa.aux) ) 
Here is how much of TeX's memory you used:
 7931 strings out of 480539
 92543 string characters out of 5901891
 1212600 words of memory out of 5000000
 25595 multiletter control sequences out of 15000+600000
 405770 words of font info for 38 fonts, out of 8000000 for 9000
 14 hyphenation exceptions out of 8191
 368i,6n,66p,255b,3135s stack positions out of 5000i,500n,10000p,200000b,80000s
</Users/angela/Library/TinyTeX/texmf-dist/fonts/type1/p
ublic/amsfonts/cm/cmr10.pfb></Users/angela/Library/TinyTeX/texmf-dist/fonts/typ
e1/public/amsfonts/cm/cmsy10.pfb></Users/angela/Library/TinyTeX/texmf-dist/font
s/type1/public/amsfonts/cm/cmtt10.pfb>
Output written on KHR_msa_aa.pdf (2 pages, 72356 bytes).
PDF statistics:
 26 PDF objects out of 1000 (max. 8388607)
 15 compressed objects within 1 object stream
 0 named destinations out of 1000 (max. 500000)
 1 words of extra memory for PDF output out of 10000 (max. 10000000)

